<?xml version="1.0" encoding="UTF-8"?>
<testsuite xmlns:xsi="http://www.w3.org/2001/XMLSchema-instance" xsi:noNamespaceSchemaLocation="https://maven.apache.org/surefire/maven-surefire-plugin/xsd/surefire-test-report.xsd" name="pl.polsl.michal.smaluch.cipher.caesar.model.tests.ModelTest" time="0.165" tests="23" errors="0" skipped="0" failures="0">
  <properties>
    <property name="java.specification.version" value="17"/>
    <property name="sun.cpu.isalist" value="amd64"/>
    <property name="sun.jnu.encoding" value="Cp1252"/>
    <property name="java.class.path" value="C:\Users\Michal\Dokumenty\NetBeansProjects\Java1\CeasarCipherWeb\target\test-classes;C:\Users\Michal\Dokumenty\NetBeansProjects\Java1\CeasarCipherWeb\target\classes;C:\Users\Michal\.m2\repository\jakarta\platform\jakarta.jakartaee-api\8.0.0\jakarta.jakartaee-api-8.0.0.jar;C:\Users\Michal\.m2\repository\javax\enterprise\cdi-api\2.0\cdi-api-2.0.jar;C:\Users\Michal\.m2\repository\javax\el\javax.el-api\3.0.0\javax.el-api-3.0.0.jar;C:\Users\Michal\.m2\repository\javax\interceptor\javax.interceptor-api\1.2\javax.interceptor-api-1.2.jar;C:\Users\Michal\.m2\repository\javax\inject\javax.inject\1\javax.inject-1.jar;C:\Users\Michal\.m2\repository\javax\ws\rs\javax.ws.rs-api\2.1\javax.ws.rs-api-2.1.jar;C:\Users\Michal\.m2\repository\javax\json\bind\javax.json.bind-api\1.0\javax.json.bind-api-1.0.jar;C:\Users\Michal\.m2\repository\javax\json\javax.json-api\1.1\javax.json-api-1.1.jar;C:\Users\Michal\.m2\repository\javax\annotation\javax.annotation-api\1.3\javax.annotation-api-1.3.jar;C:\Users\Michal\.m2\repository\org\eclipse\microprofile\config\microprofile-config-api\1.3\microprofile-config-api-1.3.jar;C:\Users\Michal\.m2\repository\org\osgi\org.osgi.annotation.versioning\1.0.0\org.osgi.annotation.versioning-1.0.0.jar;C:\Users\Michal\.m2\repository\org\eclipse\microprofile\fault-tolerance\microprofile-fault-tolerance-api\2.0\microprofile-fault-tolerance-api-2.0.jar;C:\Users\Michal\.m2\repository\org\eclipse\microprofile\health\microprofile-health-api\2.0\microprofile-health-api-2.0.jar;C:\Users\Michal\.m2\repository\org\eclipse\microprofile\metrics\microprofile-metrics-api\2.0.0\microprofile-metrics-api-2.0.0.jar;C:\Users\Michal\.m2\repository\org\eclipse\microprofile\jwt\microprofile-jwt-auth-api\1.1\microprofile-jwt-auth-api-1.1.jar;C:\Users\Michal\.m2\repository\org\eclipse\microprofile\openapi\microprofile-openapi-api\1.1\microprofile-openapi-api-1.1.jar;C:\Users\Michal\.m2\repository\org\eclipse\microprofile\rest\client\microprofile-rest-client-api\1.3\microprofile-rest-client-api-1.3.jar;C:\Users\Michal\.m2\repository\org\eclipse\microprofile\opentracing\microprofile-opentracing-api\1.3\microprofile-opentracing-api-1.3.jar;C:\Users\Michal\.m2\repository\org\junit\jupiter\junit-jupiter\5.5.0\junit-jupiter-5.5.0.jar;C:\Users\Michal\.m2\repository\org\junit\jupiter\junit-jupiter-api\5.5.0\junit-jupiter-api-5.5.0.jar;C:\Users\Michal\.m2\repository\org\apiguardian\apiguardian-api\1.1.0\apiguardian-api-1.1.0.jar;C:\Users\Michal\.m2\repository\org\opentest4j\opentest4j\1.2.0\opentest4j-1.2.0.jar;C:\Users\Michal\.m2\repository\org\junit\platform\junit-platform-commons\1.5.0\junit-platform-commons-1.5.0.jar;C:\Users\Michal\.m2\repository\org\junit\jupiter\junit-jupiter-params\5.5.0\junit-jupiter-params-5.5.0.jar;C:\Users\Michal\.m2\repository\org\junit\jupiter\junit-jupiter-engine\5.5.0\junit-jupiter-engine-5.5.0.jar;C:\Users\Michal\.m2\repository\org\junit\platform\junit-platform-engine\1.5.0\junit-platform-engine-1.5.0.jar;C:\Users\Michal\.m2\repository\org\mockito\mockito-core\3.1.0\mockito-core-3.1.0.jar;C:\Users\Michal\.m2\repository\net\bytebuddy\byte-buddy\1.9.10\byte-buddy-1.9.10.jar;C:\Users\Michal\.m2\repository\net\bytebuddy\byte-buddy-agent\1.9.10\byte-buddy-agent-1.9.10.jar;C:\Users\Michal\.m2\repository\org\objenesis\objenesis\2.6\objenesis-2.6.jar;"/>
    <property name="java.vm.vendor" value="Azul Systems, Inc."/>
    <property name="sun.arch.data.model" value="64"/>
    <property name="user.variant" value=""/>
    <property name="java.vendor.url" value="http://www.azul.com/"/>
    <property name="user.timezone" value="Europe/Warsaw"/>
    <property name="os.name" value="Windows 10"/>
    <property name="java.vm.specification.version" value="17"/>
    <property name="user.country" value="US"/>
    <property name="sun.java.launcher" value="SUN_STANDARD"/>
    <property name="sun.boot.library.path" value="C:\Users\Michal\Documents\NetBeansJDKs\zulu17.38.21-ca-jdk17.0.5-win_x64\zulu17.38.21-ca-jdk17.0.5-win_x64\bin"/>
    <property name="sun.java.command" value="C:\Users\Michal\AppData\Local\Temp\surefire5115148705034791801\surefirebooter1362921804523949461.jar C:\Users\Michal\AppData\Local\Temp\surefire5115148705034791801 2022-11-22T22-13-54_075-jvmRun1 surefire3288303454532265717tmp surefire_011696279359752441602tmp"/>
    <property name="jdk.debug" value="release"/>
    <property name="surefire.test.class.path" value="C:\Users\Michal\Dokumenty\NetBeansProjects\Java1\CeasarCipherWeb\target\test-classes;C:\Users\Michal\Dokumenty\NetBeansProjects\Java1\CeasarCipherWeb\target\classes;C:\Users\Michal\.m2\repository\jakarta\platform\jakarta.jakartaee-api\8.0.0\jakarta.jakartaee-api-8.0.0.jar;C:\Users\Michal\.m2\repository\javax\enterprise\cdi-api\2.0\cdi-api-2.0.jar;C:\Users\Michal\.m2\repository\javax\el\javax.el-api\3.0.0\javax.el-api-3.0.0.jar;C:\Users\Michal\.m2\repository\javax\interceptor\javax.interceptor-api\1.2\javax.interceptor-api-1.2.jar;C:\Users\Michal\.m2\repository\javax\inject\javax.inject\1\javax.inject-1.jar;C:\Users\Michal\.m2\repository\javax\ws\rs\javax.ws.rs-api\2.1\javax.ws.rs-api-2.1.jar;C:\Users\Michal\.m2\repository\javax\json\bind\javax.json.bind-api\1.0\javax.json.bind-api-1.0.jar;C:\Users\Michal\.m2\repository\javax\json\javax.json-api\1.1\javax.json-api-1.1.jar;C:\Users\Michal\.m2\repository\javax\annotation\javax.annotation-api\1.3\javax.annotation-api-1.3.jar;C:\Users\Michal\.m2\repository\org\eclipse\microprofile\config\microprofile-config-api\1.3\microprofile-config-api-1.3.jar;C:\Users\Michal\.m2\repository\org\osgi\org.osgi.annotation.versioning\1.0.0\org.osgi.annotation.versioning-1.0.0.jar;C:\Users\Michal\.m2\repository\org\eclipse\microprofile\fault-tolerance\microprofile-fault-tolerance-api\2.0\microprofile-fault-tolerance-api-2.0.jar;C:\Users\Michal\.m2\repository\org\eclipse\microprofile\health\microprofile-health-api\2.0\microprofile-health-api-2.0.jar;C:\Users\Michal\.m2\repository\org\eclipse\microprofile\metrics\microprofile-metrics-api\2.0.0\microprofile-metrics-api-2.0.0.jar;C:\Users\Michal\.m2\repository\org\eclipse\microprofile\jwt\microprofile-jwt-auth-api\1.1\microprofile-jwt-auth-api-1.1.jar;C:\Users\Michal\.m2\repository\org\eclipse\microprofile\openapi\microprofile-openapi-api\1.1\microprofile-openapi-api-1.1.jar;C:\Users\Michal\.m2\repository\org\eclipse\microprofile\rest\client\microprofile-rest-client-api\1.3\microprofile-rest-client-api-1.3.jar;C:\Users\Michal\.m2\repository\org\eclipse\microprofile\opentracing\microprofile-opentracing-api\1.3\microprofile-opentracing-api-1.3.jar;C:\Users\Michal\.m2\repository\org\junit\jupiter\junit-jupiter\5.5.0\junit-jupiter-5.5.0.jar;C:\Users\Michal\.m2\repository\org\junit\jupiter\junit-jupiter-api\5.5.0\junit-jupiter-api-5.5.0.jar;C:\Users\Michal\.m2\repository\org\apiguardian\apiguardian-api\1.1.0\apiguardian-api-1.1.0.jar;C:\Users\Michal\.m2\repository\org\opentest4j\opentest4j\1.2.0\opentest4j-1.2.0.jar;C:\Users\Michal\.m2\repository\org\junit\platform\junit-platform-commons\1.5.0\junit-platform-commons-1.5.0.jar;C:\Users\Michal\.m2\repository\org\junit\jupiter\junit-jupiter-params\5.5.0\junit-jupiter-params-5.5.0.jar;C:\Users\Michal\.m2\repository\org\junit\jupiter\junit-jupiter-engine\5.5.0\junit-jupiter-engine-5.5.0.jar;C:\Users\Michal\.m2\repository\org\junit\platform\junit-platform-engine\1.5.0\junit-platform-engine-1.5.0.jar;C:\Users\Michal\.m2\repository\org\mockito\mockito-core\3.1.0\mockito-core-3.1.0.jar;C:\Users\Michal\.m2\repository\net\bytebuddy\byte-buddy\1.9.10\byte-buddy-1.9.10.jar;C:\Users\Michal\.m2\repository\net\bytebuddy\byte-buddy-agent\1.9.10\byte-buddy-agent-1.9.10.jar;C:\Users\Michal\.m2\repository\org\objenesis\objenesis\2.6\objenesis-2.6.jar;"/>
    <property name="sun.cpu.endian" value="little"/>
    <property name="user.home" value="C:\Users\Michal"/>
    <property name="user.language" value="en"/>
    <property name="java.specification.vendor" value="Oracle Corporation"/>
    <property name="java.version.date" value="2022-10-18"/>
    <property name="java.home" value="C:\Users\Michal\Documents\NetBeansJDKs\zulu17.38.21-ca-jdk17.0.5-win_x64\zulu17.38.21-ca-jdk17.0.5-win_x64"/>
    <property name="file.separator" value="\"/>
    <property name="basedir" value="C:\Users\Michal\Dokumenty\NetBeansProjects\Java1\CeasarCipherWeb"/>
    <property name="java.vm.compressedOopsMode" value="Zero based"/>
    <property name="line.separator" value="&#10;"/>
    <property name="java.vm.specification.vendor" value="Oracle Corporation"/>
    <property name="java.specification.name" value="Java Platform API Specification"/>
    <property name="surefire.real.class.path" value="C:\Users\Michal\AppData\Local\Temp\surefire5115148705034791801\surefirebooter1362921804523949461.jar"/>
    <property name="user.script" value=""/>
    <property name="sun.management.compiler" value="HotSpot 64-Bit Tiered Compilers"/>
    <property name="java.runtime.version" value="17.0.5+8-LTS"/>
    <property name="user.name" value="Michal"/>
    <property name="path.separator" value=";"/>
    <property name="os.version" value="10.0"/>
    <property name="java.runtime.name" value="OpenJDK Runtime Environment"/>
    <property name="file.encoding" value="Cp1252"/>
    <property name="java.vm.name" value="OpenJDK 64-Bit Server VM"/>
    <property name="java.vendor.version" value="Zulu17.38+21-CA"/>
    <property name="maven.ext.class.path" value="C:\Program Files\NetBeans-15\netbeans\java\maven-nblib\netbeans-eventspy.jar"/>
    <property name="localRepository" value="C:\Users\Michal\.m2\repository"/>
    <property name="java.vendor.url.bug" value="http://www.azul.com/support/"/>
    <property name="java.io.tmpdir" value="C:\Users\Michal\AppData\Local\Temp\"/>
    <property name="java.version" value="17.0.5"/>
    <property name="user.dir" value="C:\Users\Michal\Dokumenty\NetBeansProjects\Java1\CeasarCipherWeb"/>
    <property name="os.arch" value="amd64"/>
    <property name="java.vm.specification.name" value="Java Virtual Machine Specification"/>
    <property name="sun.os.patch.level" value=""/>
    <property name="native.encoding" value="Cp1252"/>
    <property name="java.library.path" value="C:\Users\Michal\Documents\NetBeansJDKs\zulu17.38.21-ca-jdk17.0.5-win_x64\zulu17.38.21-ca-jdk17.0.5-win_x64\bin;C:\Windows\Sun\Java\bin;C:\Windows\system32;C:\Windows;C:\Program Files\Common Files\Oracle\Java\javapath;C:\Program Files (x86)\Common Files\Oracle\Java\javapath;C:\Program Files (x86)\VMware\VMware Player\bin\;C:\Windows\system32;C:\Windows;C:\Windows\System32\Wbem;C:\Windows\System32\WindowsPowerShell\v1.0\;C:\Windows\System32\OpenSSH\;C:\Program Files\Git\cmd;C:\Program Files\dotnet\;C:\Program Files (x86)\NVIDIA Corporation\PhysX\Common;C:\Program Files\CMake\bin;C:\Program Files\nodejs\;C:\Program Files\PuTTY\;C:\Users\Michal\AppData\Local\Microsoft\WindowsApps;C:\Users\Michal\spicetify-cli;C:\Users\Michal\.dotnet\tools;C:\Users\Michal\AppData\Roaming\npm;."/>
    <property name="java.vm.info" value="mixed mode, sharing"/>
    <property name="java.vendor" value="Azul Systems, Inc."/>
    <property name="java.vm.version" value="17.0.5+8-LTS"/>
    <property name="sun.io.unicode.encoding" value="UnicodeLittle"/>
    <property name="java.class.version" value="61.0"/>
  </properties>
  <testcase name="shiftMessageTestDecrypt" classname="pl.polsl.michal.smaluch.cipher.caesar.model.tests.ModelTest" time="0.031"/>
  <testcase name="setKeyTestWithCorrectValues{String}[1]" classname="pl.polsl.michal.smaluch.cipher.caesar.model.tests.ModelTest" time="0.017"/>
  <testcase name="setKeyTestWithCorrectValues{String}[2]" classname="pl.polsl.michal.smaluch.cipher.caesar.model.tests.ModelTest" time="0.001"/>
  <testcase name="parseArgumentsTestEncryptFlag" classname="pl.polsl.michal.smaluch.cipher.caesar.model.tests.ModelTest" time="0.001"/>
  <testcase name="setKeyTestWithIncorrectValues{String}[1]" classname="pl.polsl.michal.smaluch.cipher.caesar.model.tests.ModelTest" time="0.001"/>
  <testcase name="setKeyTestWithIncorrectValues{String}[2]" classname="pl.polsl.michal.smaluch.cipher.caesar.model.tests.ModelTest" time="0.001"/>
  <testcase name="parseArgumentsTestMessage" classname="pl.polsl.michal.smaluch.cipher.caesar.model.tests.ModelTest" time="0"/>
  <testcase name="shiftMessageTestEncrypt" classname="pl.polsl.michal.smaluch.cipher.caesar.model.tests.ModelTest" time="0.002"/>
  <testcase name="parseArgumentsTestWithIncorrectValues{String}[1]" classname="pl.polsl.michal.smaluch.cipher.caesar.model.tests.ModelTest" time="0.002"/>
  <testcase name="parseArgumentsTestWithIncorrectValues{String}[2]" classname="pl.polsl.michal.smaluch.cipher.caesar.model.tests.ModelTest" time="0.002"/>
  <testcase name="parseArgumentsTestWithIncorrectValues{String}[3]" classname="pl.polsl.michal.smaluch.cipher.caesar.model.tests.ModelTest" time="0"/>
  <testcase name="parseArgumentsTestWithIncorrectValues{String}[4]" classname="pl.polsl.michal.smaluch.cipher.caesar.model.tests.ModelTest" time="0.002"/>
  <testcase name="parseArgumentsTestWithIncorrectValues{String}[5]" classname="pl.polsl.michal.smaluch.cipher.caesar.model.tests.ModelTest" time="0.002"/>
  <testcase name="parseArgumentsTestWithIncorrectValues{String}[6]" classname="pl.polsl.michal.smaluch.cipher.caesar.model.tests.ModelTest" time="0.003"/>
  <testcase name="setMessageTestCorrect" classname="pl.polsl.michal.smaluch.cipher.caesar.model.tests.ModelTest" time="0.001"/>
  <testcase name="parseArgumentsTestWithCorrectValues{String}[1]" classname="pl.polsl.michal.smaluch.cipher.caesar.model.tests.ModelTest" time="0.003"/>
  <testcase name="parseArgumentsTestWithCorrectValues{String}[2]" classname="pl.polsl.michal.smaluch.cipher.caesar.model.tests.ModelTest" time="0.001"/>
  <testcase name="parseArgumentsTestWithCorrectValues{String}[3]" classname="pl.polsl.michal.smaluch.cipher.caesar.model.tests.ModelTest" time="0.001"/>
  <testcase name="parseArgumentsTestWithCorrectValues{String}[4]" classname="pl.polsl.michal.smaluch.cipher.caesar.model.tests.ModelTest" time="0.001"/>
  <testcase name="parseArgumentsTestWithCorrectValues{String}[5]" classname="pl.polsl.michal.smaluch.cipher.caesar.model.tests.ModelTest" time="0.001"/>
  <testcase name="parseArgumentsTestKey" classname="pl.polsl.michal.smaluch.cipher.caesar.model.tests.ModelTest" time="0.001"/>
  <testcase name="setMessageTestIncorrect" classname="pl.polsl.michal.smaluch.cipher.caesar.model.tests.ModelTest" time="0.001"/>
  <testcase name="parseArgumentsTestDecryptFlag" classname="pl.polsl.michal.smaluch.cipher.caesar.model.tests.ModelTest" time="0.002"/>
</testsuite>